2026/03/21 21:47:29 - mmengine - INFO - 
------------------------------------------------------------
System environment:
    sys.platform: linux
    Python: 3.12.12 (main, Oct 10 2025, 08:52:57) [GCC 11.4.0]
    CUDA available: True
    MUSA available: False
    numpy_random_seed: 958087342
    GPU 0: Tesla T4
    CUDA_HOME: /usr/local/cuda
    NVCC: Cuda compilation tools, release 12.8, V12.8.93
    GCC: x86_64-linux-gnu-gcc (Ubuntu 11.4.0-1ubuntu1~22.04.2) 11.4.0
    PyTorch: 2.4.1+cu121
    PyTorch compiling details: PyTorch built with:
  - GCC 9.3
  - C++ Version: 201703
  - Intel(R) oneAPI Math Kernel Library Version 2022.2-Product Build 20220804 for Intel(R) 64 architecture applications
  - Intel(R) MKL-DNN v3.4.2 (Git Hash 1137e04ec0b5251ca2b4400a4fd3c667ce843d67)
  - OpenMP 201511 (a.k.a. OpenMP 4.5)
  - LAPACK is enabled (usually provided by MKL)
  - NNPACK is enabled
  - CPU capability usage: AVX512
  - CUDA Runtime 12.1
  - NVCC architecture flags: -gencode;arch=compute_50,code=sm_50;-gencode;arch=compute_60,code=sm_60;-gencode;arch=compute_70,code=sm_70;-gencode;arch=compute_75,code=sm_75;-gencode;arch=compute_80,code=sm_80;-gencode;arch=compute_86,code=sm_86;-gencode;arch=compute_90,code=sm_90
  - CuDNN 90.1  (built against CUDA 12.4)
  - Magma 2.6.1
  - Build settings: BLAS_INFO=mkl, BUILD_TYPE=Release, CUDA_VERSION=12.1, CUDNN_VERSION=9.1.0, CXX_COMPILER=/opt/rh/devtoolset-9/root/usr/bin/c++, CXX_FLAGS= -D_GLIBCXX_USE_CXX11_ABI=0 -fabi-version=11 -fvisibility-inlines-hidden -DUSE_PTHREADPOOL -DNDEBUG -DUSE_KINETO -DLIBKINETO_NOROCTRACER -DUSE_FBGEMM -DUSE_PYTORCH_QNNPACK -DUSE_XNNPACK -DSYMBOLICATE_MOBILE_DEBUG_HANDLE -O2 -fPIC -Wall -Wextra -Werror=return-type -Werror=non-virtual-dtor -Werror=bool-operation -Wnarrowing -Wno-missing-field-initializers -Wno-type-limits -Wno-array-bounds -Wno-unknown-pragmas -Wno-unused-parameter -Wno-unused-function -Wno-unused-result -Wno-strict-overflow -Wno-strict-aliasing -Wno-stringop-overflow -Wsuggest-override -Wno-psabi -Wno-error=pedantic -Wno-error=old-style-cast -Wno-missing-braces -fdiagnostics-color=always -faligned-new -Wno-unused-but-set-variable -Wno-maybe-uninitialized -fno-math-errno -fno-trapping-math -Werror=format -Wno-stringop-overflow, LAPACK_INFO=mkl, PERF_WITH_AVX=1, PERF_WITH_AVX2=1, PERF_WITH_AVX512=1, TORCH_VERSION=2.4.1, USE_CUDA=ON, USE_CUDNN=ON, USE_CUSPARSELT=1, USE_EXCEPTION_PTR=1, USE_GFLAGS=OFF, USE_GLOG=OFF, USE_GLOO=ON, USE_MKL=ON, USE_MKLDNN=ON, USE_MPI=OFF, USE_NCCL=1, USE_NNPACK=ON, USE_OPENMP=ON, USE_ROCM=OFF, USE_ROCM_KERNEL_ASSERT=OFF, 

    TorchVision: 0.19.1+cu121
    OpenCV: 4.13.0
    MMEngine: 0.10.7

Runtime environment:
    cudnn_benchmark: True
    mp_cfg: {'mp_start_method': 'fork', 'opencv_num_threads': 0}
    dist_cfg: {'backend': 'nccl'}
    seed: 958087342
    Distributed launcher: none
    Distributed training: False
    GPU number: 1
------------------------------------------------------------

2026/03/21 21:47:29 - mmengine - INFO - Config:
crop_size = (
    640,
    640,
)
data_preprocessor = dict(
    _scope_='mmseg',
    bgr_to_rgb=True,
    mean=[
        123.675,
        116.28,
        103.53,
    ],
    pad_val=0,
    seg_pad_val=255,
    std=[
        58.395,
        57.12,
        57.375,
    ],
    type='SegDataPreProcessor')
data_root = '/content/processed/'
dataset_type = 'BaseSegDataset'
default_hooks = dict(
    checkpoint=dict(
        _scope_='mmseg',
        by_epoch=False,
        interval=2000,
        max_keep_ckpts=3,
        rule='greater',
        save_best='mIoU',
        type='CheckpointHook'),
    logger=dict(
        _scope_='mmseg',
        interval=50,
        log_metric_by_epoch=False,
        type='LoggerHook'),
    param_scheduler=dict(_scope_='mmseg', type='ParamSchedulerHook'),
    sampler_seed=dict(_scope_='mmseg', type='DistSamplerSeedHook'),
    timer=dict(_scope_='mmseg', type='IterTimerHook'),
    visualization=dict(_scope_='mmseg', type='SegVisualizationHook'))
default_scope = 'mmseg'
env_cfg = dict(
    cudnn_benchmark=True,
    dist_cfg=dict(backend='nccl'),
    mp_cfg=dict(mp_start_method='fork', opencv_num_threads=0))
launcher = 'none'
load_from = None
log_level = 'INFO'
log_processor = dict(by_epoch=False)
meta = dict(
    classes=(
        'background',
        'board',
    ), palette=[
        [
            0,
            0,
            0,
        ],
        [
            255,
            0,
            0,
        ],
    ])
model = dict(
    _scope_='mmseg',
    backbone=dict(
        attn_drop_rate=0.0,
        drop_path_rate=0.1,
        drop_rate=0.0,
        embed_dims=32,
        in_channels=3,
        init_cfg=dict(
            checkpoint='/content/repo/checkpoints/mit_b0_imagenet.pth'),
        mlp_ratio=4,
        num_heads=[
            1,
            2,
            5,
            8,
        ],
        num_layers=[
            2,
            2,
            2,
            2,
        ],
        num_stages=4,
        out_indices=(
            0,
            1,
            2,
            3,
        ),
        patch_sizes=[
            7,
            3,
            3,
            3,
        ],
        qkv_bias=True,
        sr_ratios=[
            8,
            4,
            2,
            1,
        ],
        type='MixVisionTransformer'),
    data_preprocessor=dict(
        bgr_to_rgb=True,
        mean=[
            123.675,
            116.28,
            103.53,
        ],
        pad_val=0,
        seg_pad_val=255,
        std=[
            58.395,
            57.12,
            57.375,
        ],
        type='SegDataPreProcessor'),
    decode_head=dict(
        align_corners=False,
        channels=256,
        dropout_ratio=0.1,
        in_channels=[
            32,
            64,
            160,
            256,
        ],
        in_index=[
            0,
            1,
            2,
            3,
        ],
        loss_decode=dict(
            loss_weight=1.0, type='CrossEntropyLoss', use_sigmoid=False),
        norm_cfg=dict(requires_grad=True, type='SyncBN'),
        num_classes=2,
        type='SegformerHead'),
    pretrained=None,
    test_cfg=dict(mode='whole'),
    train_cfg=dict(),
    type='EncoderDecoder')
norm_cfg = dict(_scope_='mmseg', requires_grad=True, type='SyncBN')
optim_wrapper = dict(
    _scope_='mmseg',
    clip_grad=None,
    optimizer=dict(
        betas=(
            0.9,
            0.999,
        ),
        lr=6e-05,
        momentum=0.9,
        type='AdamW',
        weight_decay=0.01),
    paramwise_cfg=dict(
        custom_keys=dict(
            head=dict(lr_mult=10.0),
            norm=dict(decay_mult=0.0),
            pos_block=dict(decay_mult=0.0))),
    type='OptimWrapper')
optimizer = dict(
    _scope_='mmseg',
    betas=(
        0.9,
        0.999,
    ),
    lr=6e-05,
    momentum=0.9,
    type='AdamW',
    weight_decay=0.01)
param_scheduler = [
    dict(
        begin=0, by_epoch=False, end=1500, start_factor=1e-06,
        type='LinearLR'),
    dict(
        begin=1500,
        by_epoch=False,
        end=160000,
        eta_min=0.0,
        power=1.0,
        type='PolyLR'),
]
resume = False
test_cfg = dict(_scope_='mmseg', type='TestLoop')
test_dataloader = dict(
    batch_size=1,
    dataset=dict(
        data_prefix=dict(img_path='val/images', seg_map_path='val/masks'),
        data_root='/content/processed/',
        img_suffix='.jpeg',
        metainfo=dict(
            classes=(
                'background',
                'board',
            ),
            palette=[
                [
                    0,
                    0,
                    0,
                ],
                [
                    255,
                    0,
                    0,
                ],
            ]),
        pipeline=[
            dict(type='LoadImageFromFile'),
            dict(keep_ratio=True, scale=(
                1920,
                1080,
            ), type='Resize'),
            dict(type='LoadAnnotations'),
            dict(type='PackSegInputs'),
        ],
        seg_map_suffix='.png',
        type='BaseSegDataset'),
    num_workers=2)
test_evaluator = dict(
    iou_metrics=[
        'mIoU',
        'mDice',
    ], type='IoUMetric')
train_cfg = dict(
    _scope_='mmseg',
    max_iters=160000,
    type='IterBasedTrainLoop',
    val_interval=2000)
train_dataloader = dict(
    batch_size=4,
    dataset=dict(
        data_prefix=dict(img_path='train/images', seg_map_path='train/masks'),
        data_root='/content/processed/',
        img_suffix='.jpeg',
        metainfo=dict(
            classes=(
                'background',
                'board',
            ),
            palette=[
                [
                    0,
                    0,
                    0,
                ],
                [
                    255,
                    0,
                    0,
                ],
            ]),
        pipeline=[
            dict(type='LoadImageFromFile'),
            dict(type='LoadAnnotations'),
            dict(
                keep_ratio=True,
                ratio_range=(
                    0.5,
                    2.0,
                ),
                scale=(
                    1920,
                    1080,
                ),
                type='RandomResize'),
            dict(
                cat_max_ratio=0.75, crop_size=(
                    640,
                    640,
                ), type='RandomCrop'),
            dict(prob=0.5, type='RandomFlip'),
            dict(type='PhotoMetricDistortion'),
            dict(type='PackSegInputs'),
        ],
        seg_map_suffix='.png',
        type='BaseSegDataset'),
    num_workers=2)
train_pipeline = [
    dict(type='LoadImageFromFile'),
    dict(type='LoadAnnotations'),
    dict(
        keep_ratio=True,
        ratio_range=(
            0.5,
            2.0,
        ),
        scale=(
            1920,
            1080,
        ),
        type='RandomResize'),
    dict(cat_max_ratio=0.75, crop_size=(
        640,
        640,
    ), type='RandomCrop'),
    dict(prob=0.5, type='RandomFlip'),
    dict(type='PhotoMetricDistortion'),
    dict(type='PackSegInputs'),
]
tta_model = dict(_scope_='mmseg', type='SegTTAModel')
val_cfg = dict(_scope_='mmseg', type='ValLoop')
val_dataloader = dict(
    batch_size=1,
    dataset=dict(
        data_prefix=dict(img_path='val/images', seg_map_path='val/masks'),
        data_root='/content/processed/',
        img_suffix='.jpeg',
        metainfo=dict(
            classes=(
                'background',
                'board',
            ),
            palette=[
                [
                    0,
                    0,
                    0,
                ],
                [
                    255,
                    0,
                    0,
                ],
            ]),
        pipeline=[
            dict(type='LoadImageFromFile'),
            dict(keep_ratio=True, scale=(
                1920,
                1080,
            ), type='Resize'),
            dict(type='LoadAnnotations'),
            dict(type='PackSegInputs'),
        ],
        seg_map_suffix='.png',
        type='BaseSegDataset'),
    num_workers=2)
val_evaluator = dict(
    iou_metrics=[
        'mIoU',
        'mDice',
    ], type='IoUMetric')
val_pipeline = [
    dict(type='LoadImageFromFile'),
    dict(keep_ratio=True, scale=(
        1920,
        1080,
    ), type='Resize'),
    dict(type='LoadAnnotations'),
    dict(type='PackSegInputs'),
]
vis_backends = [
    dict(_scope_='mmseg', type='LocalVisBackend'),
]
visualizer = dict(
    _scope_='mmseg',
    name='visualizer',
    type='SegLocalVisualizer',
    vis_backends=[
        dict(type='LocalVisBackend'),
    ])
work_dir = '/content/repo/results/exp0_segformer_b0_baseline'

2026/03/21 21:47:33 - mmengine - INFO - Distributed training is not used, all SyncBatchNorm (SyncBN) layers in the model will be automatically reverted to BatchNormXd layers if they are used.
2026/03/21 21:47:33 - mmengine - INFO - Hooks will be executed in the following order:
before_run:
(VERY_HIGH   ) RuntimeInfoHook                    
(BELOW_NORMAL) LoggerHook                         
 -------------------- 
before_train:
(VERY_HIGH   ) RuntimeInfoHook                    
(NORMAL      ) IterTimerHook                      
(VERY_LOW    ) CheckpointHook                     
 -------------------- 
before_train_epoch:
(VERY_HIGH   ) RuntimeInfoHook                    
(NORMAL      ) IterTimerHook                      
(NORMAL      ) DistSamplerSeedHook                
 -------------------- 
before_train_iter:
(VERY_HIGH   ) RuntimeInfoHook                    
(NORMAL      ) IterTimerHook                      
 -------------------- 
after_train_iter:
(VERY_HIGH   ) RuntimeInfoHook                    
(NORMAL      ) IterTimerHook                      
(NORMAL      ) SegVisualizationHook               
(BELOW_NORMAL) LoggerHook                         
(LOW         ) ParamSchedulerHook                 
(VERY_LOW    ) CheckpointHook                     
 -------------------- 
after_train_epoch:
(NORMAL      ) IterTimerHook                      
(LOW         ) ParamSchedulerHook                 
(VERY_LOW    ) CheckpointHook                     
 -------------------- 
before_val:
(VERY_HIGH   ) RuntimeInfoHook                    
 -------------------- 
before_val_epoch:
(NORMAL      ) IterTimerHook                      
 -------------------- 
before_val_iter:
(NORMAL      ) IterTimerHook                      
 -------------------- 
after_val_iter:
(NORMAL      ) IterTimerHook                      
(NORMAL      ) SegVisualizationHook               
(BELOW_NORMAL) LoggerHook                         
 -------------------- 
after_val_epoch:
(VERY_HIGH   ) RuntimeInfoHook                    
(NORMAL      ) IterTimerHook                      
(BELOW_NORMAL) LoggerHook                         
(LOW         ) ParamSchedulerHook                 
(VERY_LOW    ) CheckpointHook                     
 -------------------- 
after_val:
(VERY_HIGH   ) RuntimeInfoHook                    
 -------------------- 
after_train:
(VERY_HIGH   ) RuntimeInfoHook                    
(VERY_LOW    ) CheckpointHook                     
 -------------------- 
before_test:
(VERY_HIGH   ) RuntimeInfoHook                    
 -------------------- 
before_test_epoch:
(NORMAL      ) IterTimerHook                      
 -------------------- 
before_test_iter:
(NORMAL      ) IterTimerHook                      
 -------------------- 
after_test_iter:
(NORMAL      ) IterTimerHook                      
(NORMAL      ) SegVisualizationHook               
(BELOW_NORMAL) LoggerHook                         
 -------------------- 
after_test_epoch:
(VERY_HIGH   ) RuntimeInfoHook                    
(NORMAL      ) IterTimerHook                      
(BELOW_NORMAL) LoggerHook                         
 -------------------- 
after_test:
(VERY_HIGH   ) RuntimeInfoHook                    
 -------------------- 
after_run:
(BELOW_NORMAL) LoggerHook                         
 -------------------- 
2026/03/21 21:47:34 - mmengine - INFO - paramwise_options -- backbone.layers.0.0.norm.weight:lr=6e-05
2026/03/21 21:47:34 - mmengine - INFO - paramwise_options -- backbone.layers.0.0.norm.weight:weight_decay=0.0
2026/03/21 21:47:34 - mmengine - INFO - paramwise_options -- backbone.layers.0.0.norm.weight:decay_mult=0.0
2026/03/21 21:47:34 - mmengine - INFO - paramwise_options -- backbone.layers.0.0.norm.bias:lr=6e-05
2026/03/21 21:47:34 - mmengine - INFO - paramwise_options -- backbone.layers.0.0.norm.bias:weight_decay=0.0
2026/03/21 21:47:34 - mmengine - INFO - paramwise_options -- backbone.layers.0.0.norm.bias:decay_mult=0.0
2026/03/21 21:47:34 - mmengine - INFO - paramwise_options -- backbone.layers.0.1.0.norm1.weight:lr=6e-05
2026/03/21 21:47:34 - mmengine - INFO - paramwise_options -- backbone.layers.0.1.0.norm1.weight:weight_decay=0.0
2026/03/21 21:47:34 - mmengine - INFO - paramwise_options -- backbone.layers.0.1.0.norm1.weight:decay_mult=0.0
2026/03/21 21:47:34 - mmengine - INFO - paramwise_options -- backbone.layers.0.1.0.norm1.bias:lr=6e-05
2026/03/21 21:47:34 - mmengine - INFO - paramwise_options -- backbone.layers.0.1.0.norm1.bias:weight_decay=0.0
2026/03/21 21:47:34 - mmengine - INFO - paramwise_options -- backbone.layers.0.1.0.norm1.bias:decay_mult=0.0
2026/03/21 21:47:34 - mmengine - INFO - paramwise_options -- backbone.layers.0.1.0.attn.norm.weight:lr=6e-05
2026/03/21 21:47:34 - mmengine - INFO - paramwise_options -- backbone.layers.0.1.0.attn.norm.weight:weight_decay=0.0
2026/03/21 21:47:34 - mmengine - INFO - paramwise_options -- backbone.layers.0.1.0.attn.norm.weight:decay_mult=0.0
2026/03/21 21:47:34 - mmengine - INFO - paramwise_options -- backbone.layers.0.1.0.attn.norm.bias:lr=6e-05
2026/03/21 21:47:34 - mmengine - INFO - paramwise_options -- backbone.layers.0.1.0.attn.norm.bias:weight_decay=0.0
2026/03/21 21:47:34 - mmengine - INFO - paramwise_options -- backbone.layers.0.1.0.attn.norm.bias:decay_mult=0.0
2026/03/21 21:47:34 - mmengine - INFO - paramwise_options -- backbone.layers.0.1.0.norm2.weight:lr=6e-05
2026/03/21 21:47:34 - mmengine - INFO - paramwise_options -- backbone.layers.0.1.0.norm2.weight:weight_decay=0.0
2026/03/21 21:47:34 - mmengine - INFO - paramwise_options -- backbone.layers.0.1.0.norm2.weight:decay_mult=0.0
2026/03/21 21:47:34 - mmengine - INFO - paramwise_options -- backbone.layers.0.1.0.norm2.bias:lr=6e-05
2026/03/21 21:47:34 - mmengine - INFO - paramwise_options -- backbone.layers.0.1.0.norm2.bias:weight_decay=0.0
2026/03/21 21:47:34 - mmengine - INFO - paramwise_options -- backbone.layers.0.1.0.norm2.bias:decay_mult=0.0
2026/03/21 21:47:34 - mmengine - INFO - paramwise_options -- backbone.layers.0.1.1.norm1.weight:lr=6e-05
2026/03/21 21:47:34 - mmengine - INFO - paramwise_options -- backbone.layers.0.1.1.norm1.weight:weight_decay=0.0
2026/03/21 21:47:34 - mmengine - INFO - paramwise_options -- backbone.layers.0.1.1.norm1.weight:decay_mult=0.0
2026/03/21 21:47:34 - mmengine - INFO - paramwise_options -- backbone.layers.0.1.1.norm1.bias:lr=6e-05
2026/03/21 21:47:34 - mmengine - INFO - paramwise_options -- backbone.layers.0.1.1.norm1.bias:weight_decay=0.0
2026/03/21 21:47:34 - mmengine - INFO - paramwise_options -- backbone.layers.0.1.1.norm1.bias:decay_mult=0.0
2026/03/21 21:47:34 - mmengine - INFO - paramwise_options -- backbone.layers.0.1.1.attn.norm.weight:lr=6e-05
2026/03/21 21:47:34 - mmengine - INFO - paramwise_options -- backbone.layers.0.1.1.attn.norm.weight:weight_decay=0.0
2026/03/21 21:47:34 - mmengine - INFO - paramwise_options -- backbone.layers.0.1.1.attn.norm.weight:decay_mult=0.0
2026/03/21 21:47:34 - mmengine - INFO - paramwise_options -- backbone.layers.0.1.1.attn.norm.bias:lr=6e-05
2026/03/21 21:47:34 - mmengine - INFO - paramwise_options -- backbone.layers.0.1.1.attn.norm.bias:weight_decay=0.0
2026/03/21 21:47:34 - mmengine - INFO - paramwise_options -- backbone.layers.0.1.1.attn.norm.bias:decay_mult=0.0
2026/03/21 21:47:34 - mmengine - INFO - paramwise_options -- backbone.layers.0.1.1.norm2.weight:lr=6e-05
2026/03/21 21:47:34 - mmengine - INFO - paramwise_options -- backbone.layers.0.1.1.norm2.weight:weight_decay=0.0
2026/03/21 21:47:34 - mmengine - INFO - paramwise_options -- backbone.layers.0.1.1.norm2.weight:decay_mult=0.0
2026/03/21 21:47:34 - mmengine - INFO - paramwise_options -- backbone.layers.0.1.1.norm2.bias:lr=6e-05
2026/03/21 21:47:34 - mmengine - INFO - paramwise_options -- backbone.layers.0.1.1.norm2.bias:weight_decay=0.0
2026/03/21 21:47:34 - mmengine - INFO - paramwise_options -- backbone.layers.0.1.1.norm2.bias:decay_mult=0.0
2026/03/21 21:47:34 - mmengine - INFO - paramwise_options -- backbone.layers.1.0.norm.weight:lr=6e-05
2026/03/21 21:47:34 - mmengine - INFO - paramwise_options -- backbone.layers.1.0.norm.weight:weight_decay=0.0
2026/03/21 21:47:34 - mmengine - INFO - paramwise_options -- backbone.layers.1.0.norm.weight:decay_mult=0.0
2026/03/21 21:47:34 - mmengine - INFO - paramwise_options -- backbone.layers.1.0.norm.bias:lr=6e-05
2026/03/21 21:47:34 - mmengine - INFO - paramwise_options -- backbone.layers.1.0.norm.bias:weight_decay=0.0
2026/03/21 21:47:34 - mmengine - INFO - paramwise_options -- backbone.layers.1.0.norm.bias:decay_mult=0.0
2026/03/21 21:47:34 - mmengine - INFO - paramwise_options -- backbone.layers.1.1.0.norm1.weight:lr=6e-05
2026/03/21 21:47:34 - mmengine - INFO - paramwise_options -- backbone.layers.1.1.0.norm1.weight:weight_decay=0.0
2026/03/21 21:47:34 - mmengine - INFO - paramwise_options -- backbone.layers.1.1.0.norm1.weight:decay_mult=0.0
2026/03/21 21:47:34 - mmengine - INFO - paramwise_options -- backbone.layers.1.1.0.norm1.bias:lr=6e-05
2026/03/21 21:47:34 - mmengine - INFO - paramwise_options -- backbone.layers.1.1.0.norm1.bias:weight_decay=0.0
2026/03/21 21:47:34 - mmengine - INFO - paramwise_options -- backbone.layers.1.1.0.norm1.bias:decay_mult=0.0
2026/03/21 21:47:34 - mmengine - INFO - paramwise_options -- backbone.layers.1.1.0.attn.norm.weight:lr=6e-05
2026/03/21 21:47:34 - mmengine - INFO - paramwise_options -- backbone.layers.1.1.0.attn.norm.weight:weight_decay=0.0
2026/03/21 21:47:34 - mmengine - INFO - paramwise_options -- backbone.layers.1.1.0.attn.norm.weight:decay_mult=0.0
2026/03/21 21:47:34 - mmengine - INFO - paramwise_options -- backbone.layers.1.1.0.attn.norm.bias:lr=6e-05
2026/03/21 21:47:34 - mmengine - INFO - paramwise_options -- backbone.layers.1.1.0.attn.norm.bias:weight_decay=0.0
2026/03/21 21:47:34 - mmengine - INFO - paramwise_options -- backbone.layers.1.1.0.attn.norm.bias:decay_mult=0.0
2026/03/21 21:47:34 - mmengine - INFO - paramwise_options -- backbone.layers.1.1.0.norm2.weight:lr=6e-05
2026/03/21 21:47:34 - mmengine - INFO - paramwise_options -- backbone.layers.1.1.0.norm2.weight:weight_decay=0.0
2026/03/21 21:47:34 - mmengine - INFO - paramwise_options -- backbone.layers.1.1.0.norm2.weight:decay_mult=0.0
2026/03/21 21:47:34 - mmengine - INFO - paramwise_options -- backbone.layers.1.1.0.norm2.bias:lr=6e-05
2026/03/21 21:47:34 - mmengine - INFO - paramwise_options -- backbone.layers.1.1.0.norm2.bias:weight_decay=0.0
2026/03/21 21:47:34 - mmengine - INFO - paramwise_options -- backbone.layers.1.1.0.norm2.bias:decay_mult=0.0
2026/03/21 21:47:34 - mmengine - INFO - paramwise_options -- backbone.layers.1.1.1.norm1.weight:lr=6e-05
2026/03/21 21:47:34 - mmengine - INFO - paramwise_options -- backbone.layers.1.1.1.norm1.weight:weight_decay=0.0
2026/03/21 21:47:34 - mmengine - INFO - paramwise_options -- backbone.layers.1.1.1.norm1.weight:decay_mult=0.0
2026/03/21 21:47:34 - mmengine - INFO - paramwise_options -- backbone.layers.1.1.1.norm1.bias:lr=6e-05
2026/03/21 21:47:34 - mmengine - INFO - paramwise_options -- backbone.layers.1.1.1.norm1.bias:weight_decay=0.0
2026/03/21 21:47:34 - mmengine - INFO - paramwise_options -- backbone.layers.1.1.1.norm1.bias:decay_mult=0.0
2026/03/21 21:47:34 - mmengine - INFO - paramwise_options -- backbone.layers.1.1.1.attn.norm.weight:lr=6e-05
2026/03/21 21:47:34 - mmengine - INFO - paramwise_options -- backbone.layers.1.1.1.attn.norm.weight:weight_decay=0.0
2026/03/21 21:47:34 - mmengine - INFO - paramwise_options -- backbone.layers.1.1.1.attn.norm.weight:decay_mult=0.0
2026/03/21 21:47:34 - mmengine - INFO - paramwise_options -- backbone.layers.1.1.1.attn.norm.bias:lr=6e-05
2026/03/21 21:47:34 - mmengine - INFO - paramwise_options -- backbone.layers.1.1.1.attn.norm.bias:weight_decay=0.0
2026/03/21 21:47:34 - mmengine - INFO - paramwise_options -- backbone.layers.1.1.1.attn.norm.bias:decay_mult=0.0
2026/03/21 21:47:34 - mmengine - INFO - paramwise_options -- backbone.layers.1.1.1.norm2.weight:lr=6e-05
2026/03/21 21:47:34 - mmengine - INFO - paramwise_options -- backbone.layers.1.1.1.norm2.weight:weight_decay=0.0
2026/03/21 21:47:34 - mmengine - INFO - paramwise_options -- backbone.layers.1.1.1.norm2.weight:decay_mult=0.0
2026/03/21 21:47:34 - mmengine - INFO - paramwise_options -- backbone.layers.1.1.1.norm2.bias:lr=6e-05
2026/03/21 21:47:34 - mmengine - INFO - paramwise_options -- backbone.layers.1.1.1.norm2.bias:weight_decay=0.0
2026/03/21 21:47:34 - mmengine - INFO - paramwise_options -- backbone.layers.1.1.1.norm2.bias:decay_mult=0.0
2026/03/21 21:47:34 - mmengine - INFO - paramwise_options -- backbone.layers.2.0.norm.weight:lr=6e-05
2026/03/21 21:47:34 - mmengine - INFO - paramwise_options -- backbone.layers.2.0.norm.weight:weight_decay=0.0
2026/03/21 21:47:34 - mmengine - INFO - paramwise_options -- backbone.layers.2.0.norm.weight:decay_mult=0.0
2026/03/21 21:47:34 - mmengine - INFO - paramwise_options -- backbone.layers.2.0.norm.bias:lr=6e-05
2026/03/21 21:47:34 - mmengine - INFO - paramwise_options -- backbone.layers.2.0.norm.bias:weight_decay=0.0
2026/03/21 21:47:34 - mmengine - INFO - paramwise_options -- backbone.layers.2.0.norm.bias:decay_mult=0.0
2026/03/21 21:47:34 - mmengine - INFO - paramwise_options -- backbone.layers.2.1.0.norm1.weight:lr=6e-05
2026/03/21 21:47:34 - mmengine - INFO - paramwise_options -- backbone.layers.2.1.0.norm1.weight:weight_decay=0.0
2026/03/21 21:47:34 - mmengine - INFO - paramwise_options -- backbone.layers.2.1.0.norm1.weight:decay_mult=0.0
2026/03/21 21:47:34 - mmengine - INFO - paramwise_options -- backbone.layers.2.1.0.norm1.bias:lr=6e-05
2026/03/21 21:47:34 - mmengine - INFO - paramwise_options -- backbone.layers.2.1.0.norm1.bias:weight_decay=0.0
2026/03/21 21:47:34 - mmengine - INFO - paramwise_options -- backbone.layers.2.1.0.norm1.bias:decay_mult=0.0
2026/03/21 21:47:34 - mmengine - INFO - paramwise_options -- backbone.layers.2.1.0.attn.norm.weight:lr=6e-05
2026/03/21 21:47:34 - mmengine - INFO - paramwise_options -- backbone.layers.2.1.0.attn.norm.weight:weight_decay=0.0
2026/03/21 21:47:34 - mmengine - INFO - paramwise_options -- backbone.layers.2.1.0.attn.norm.weight:decay_mult=0.0
2026/03/21 21:47:34 - mmengine - INFO - paramwise_options -- backbone.layers.2.1.0.attn.norm.bias:lr=6e-05
2026/03/21 21:47:34 - mmengine - INFO - paramwise_options -- backbone.layers.2.1.0.attn.norm.bias:weight_decay=0.0
2026/03/21 21:47:34 - mmengine - INFO - paramwise_options -- backbone.layers.2.1.0.attn.norm.bias:decay_mult=0.0
2026/03/21 21:47:34 - mmengine - INFO - paramwise_options -- backbone.layers.2.1.0.norm2.weight:lr=6e-05
2026/03/21 21:47:34 - mmengine - INFO - paramwise_options -- backbone.layers.2.1.0.norm2.weight:weight_decay=0.0
2026/03/21 21:47:34 - mmengine - INFO - paramwise_options -- backbone.layers.2.1.0.norm2.weight:decay_mult=0.0
2026/03/21 21:47:34 - mmengine - INFO - paramwise_options -- backbone.layers.2.1.0.norm2.bias:lr=6e-05
2026/03/21 21:47:34 - mmengine - INFO - paramwise_options -- backbone.layers.2.1.0.norm2.bias:weight_decay=0.0
2026/03/21 21:47:34 - mmengine - INFO - paramwise_options -- backbone.layers.2.1.0.norm2.bias:decay_mult=0.0
2026/03/21 21:47:34 - mmengine - INFO - paramwise_options -- backbone.layers.2.1.1.norm1.weight:lr=6e-05
2026/03/21 21:47:34 - mmengine - INFO - paramwise_options -- backbone.layers.2.1.1.norm1.weight:weight_decay=0.0
2026/03/21 21:47:34 - mmengine - INFO - paramwise_options -- backbone.layers.2.1.1.norm1.weight:decay_mult=0.0
2026/03/21 21:47:34 - mmengine - INFO - paramwise_options -- backbone.layers.2.1.1.norm1.bias:lr=6e-05
2026/03/21 21:47:34 - mmengine - INFO - paramwise_options -- backbone.layers.2.1.1.norm1.bias:weight_decay=0.0
2026/03/21 21:47:34 - mmengine - INFO - paramwise_options -- backbone.layers.2.1.1.norm1.bias:decay_mult=0.0
2026/03/21 21:47:34 - mmengine - INFO - paramwise_options -- backbone.layers.2.1.1.attn.norm.weight:lr=6e-05
2026/03/21 21:47:34 - mmengine - INFO - paramwise_options -- backbone.layers.2.1.1.attn.norm.weight:weight_decay=0.0
2026/03/21 21:47:34 - mmengine - INFO - paramwise_options -- backbone.layers.2.1.1.attn.norm.weight:decay_mult=0.0
2026/03/21 21:47:34 - mmengine - INFO - paramwise_options -- backbone.layers.2.1.1.attn.norm.bias:lr=6e-05
2026/03/21 21:47:34 - mmengine - INFO - paramwise_options -- backbone.layers.2.1.1.attn.norm.bias:weight_decay=0.0
2026/03/21 21:47:34 - mmengine - INFO - paramwise_options -- backbone.layers.2.1.1.attn.norm.bias:decay_mult=0.0
2026/03/21 21:47:34 - mmengine - INFO - paramwise_options -- backbone.layers.2.1.1.norm2.weight:lr=6e-05
2026/03/21 21:47:34 - mmengine - INFO - paramwise_options -- backbone.layers.2.1.1.norm2.weight:weight_decay=0.0
2026/03/21 21:47:34 - mmengine - INFO - paramwise_options -- backbone.layers.2.1.1.norm2.weight:decay_mult=0.0
2026/03/21 21:47:34 - mmengine - INFO - paramwise_options -- backbone.layers.2.1.1.norm2.bias:lr=6e-05
2026/03/21 21:47:34 - mmengine - INFO - paramwise_options -- backbone.layers.2.1.1.norm2.bias:weight_decay=0.0
2026/03/21 21:47:34 - mmengine - INFO - paramwise_options -- backbone.layers.2.1.1.norm2.bias:decay_mult=0.0
2026/03/21 21:47:34 - mmengine - INFO - paramwise_options -- backbone.layers.3.0.norm.weight:lr=6e-05
2026/03/21 21:47:34 - mmengine - INFO - paramwise_options -- backbone.layers.3.0.norm.weight:weight_decay=0.0
2026/03/21 21:47:34 - mmengine - INFO - paramwise_options -- backbone.layers.3.0.norm.weight:decay_mult=0.0
2026/03/21 21:47:34 - mmengine - INFO - paramwise_options -- backbone.layers.3.0.norm.bias:lr=6e-05
2026/03/21 21:47:34 - mmengine - INFO - paramwise_options -- backbone.layers.3.0.norm.bias:weight_decay=0.0
2026/03/21 21:47:34 - mmengine - INFO - paramwise_options -- backbone.layers.3.0.norm.bias:decay_mult=0.0
2026/03/21 21:47:34 - mmengine - INFO - paramwise_options -- backbone.layers.3.1.0.norm1.weight:lr=6e-05
2026/03/21 21:47:34 - mmengine - INFO - paramwise_options -- backbone.layers.3.1.0.norm1.weight:weight_decay=0.0
2026/03/21 21:47:34 - mmengine - INFO - paramwise_options -- backbone.layers.3.1.0.norm1.weight:decay_mult=0.0
2026/03/21 21:47:34 - mmengine - INFO - paramwise_options -- backbone.layers.3.1.0.norm1.bias:lr=6e-05
2026/03/21 21:47:34 - mmengine - INFO - paramwise_options -- backbone.layers.3.1.0.norm1.bias:weight_decay=0.0
2026/03/21 21:47:34 - mmengine - INFO - paramwise_options -- backbone.layers.3.1.0.norm1.bias:decay_mult=0.0
2026/03/21 21:47:34 - mmengine - INFO - paramwise_options -- backbone.layers.3.1.0.norm2.weight:lr=6e-05
2026/03/21 21:47:34 - mmengine - INFO - paramwise_options -- backbone.layers.3.1.0.norm2.weight:weight_decay=0.0
2026/03/21 21:47:34 - mmengine - INFO - paramwise_options -- backbone.layers.3.1.0.norm2.weight:decay_mult=0.0
2026/03/21 21:47:34 - mmengine - INFO - paramwise_options -- backbone.layers.3.1.0.norm2.bias:lr=6e-05
2026/03/21 21:47:34 - mmengine - INFO - paramwise_options -- backbone.layers.3.1.0.norm2.bias:weight_decay=0.0
2026/03/21 21:47:34 - mmengine - INFO - paramwise_options -- backbone.layers.3.1.0.norm2.bias:decay_mult=0.0
2026/03/21 21:47:34 - mmengine - INFO - paramwise_options -- backbone.layers.3.1.1.norm1.weight:lr=6e-05
2026/03/21 21:47:34 - mmengine - INFO - paramwise_options -- backbone.layers.3.1.1.norm1.weight:weight_decay=0.0
2026/03/21 21:47:34 - mmengine - INFO - paramwise_options -- backbone.layers.3.1.1.norm1.weight:decay_mult=0.0
2026/03/21 21:47:34 - mmengine - INFO - paramwise_options -- backbone.layers.3.1.1.norm1.bias:lr=6e-05
2026/03/21 21:47:34 - mmengine - INFO - paramwise_options -- backbone.layers.3.1.1.norm1.bias:weight_decay=0.0
2026/03/21 21:47:34 - mmengine - INFO - paramwise_options -- backbone.layers.3.1.1.norm1.bias:decay_mult=0.0
2026/03/21 21:47:34 - mmengine - INFO - paramwise_options -- backbone.layers.3.1.1.norm2.weight:lr=6e-05
2026/03/21 21:47:34 - mmengine - INFO - paramwise_options -- backbone.layers.3.1.1.norm2.weight:weight_decay=0.0
2026/03/21 21:47:34 - mmengine - INFO - paramwise_options -- backbone.layers.3.1.1.norm2.weight:decay_mult=0.0
2026/03/21 21:47:34 - mmengine - INFO - paramwise_options -- backbone.layers.3.1.1.norm2.bias:lr=6e-05
2026/03/21 21:47:34 - mmengine - INFO - paramwise_options -- backbone.layers.3.1.1.norm2.bias:weight_decay=0.0
2026/03/21 21:47:34 - mmengine - INFO - paramwise_options -- backbone.layers.3.1.1.norm2.bias:decay_mult=0.0
2026/03/21 21:47:34 - mmengine - INFO - paramwise_options -- decode_head.conv_seg.weight:lr=0.0006000000000000001
2026/03/21 21:47:34 - mmengine - INFO - paramwise_options -- decode_head.conv_seg.weight:weight_decay=0.01
2026/03/21 21:47:34 - mmengine - INFO - paramwise_options -- decode_head.conv_seg.weight:lr_mult=10.0
2026/03/21 21:47:34 - mmengine - INFO - paramwise_options -- decode_head.conv_seg.bias:lr=0.0006000000000000001
2026/03/21 21:47:34 - mmengine - INFO - paramwise_options -- decode_head.conv_seg.bias:weight_decay=0.01
2026/03/21 21:47:34 - mmengine - INFO - paramwise_options -- decode_head.conv_seg.bias:lr_mult=10.0
2026/03/21 21:47:34 - mmengine - INFO - paramwise_options -- decode_head.convs.0.conv.weight:lr=0.0006000000000000001
2026/03/21 21:47:34 - mmengine - INFO - paramwise_options -- decode_head.convs.0.conv.weight:weight_decay=0.01
2026/03/21 21:47:34 - mmengine - INFO - paramwise_options -- decode_head.convs.0.conv.weight:lr_mult=10.0
2026/03/21 21:47:34 - mmengine - INFO - paramwise_options -- decode_head.convs.0.bn.weight:lr=0.0006000000000000001
2026/03/21 21:47:34 - mmengine - INFO - paramwise_options -- decode_head.convs.0.bn.weight:weight_decay=0.01
2026/03/21 21:47:34 - mmengine - INFO - paramwise_options -- decode_head.convs.0.bn.weight:lr_mult=10.0
2026/03/21 21:47:34 - mmengine - INFO - paramwise_options -- decode_head.convs.0.bn.bias:lr=0.0006000000000000001
2026/03/21 21:47:34 - mmengine - INFO - paramwise_options -- decode_head.convs.0.bn.bias:weight_decay=0.01
2026/03/21 21:47:34 - mmengine - INFO - paramwise_options -- decode_head.convs.0.bn.bias:lr_mult=10.0
2026/03/21 21:47:34 - mmengine - INFO - paramwise_options -- decode_head.convs.1.conv.weight:lr=0.0006000000000000001
2026/03/21 21:47:34 - mmengine - INFO - paramwise_options -- decode_head.convs.1.conv.weight:weight_decay=0.01
2026/03/21 21:47:34 - mmengine - INFO - paramwise_options -- decode_head.convs.1.conv.weight:lr_mult=10.0
2026/03/21 21:47:34 - mmengine - INFO - paramwise_options -- decode_head.convs.1.bn.weight:lr=0.0006000000000000001
2026/03/21 21:47:34 - mmengine - INFO - paramwise_options -- decode_head.convs.1.bn.weight:weight_decay=0.01
2026/03/21 21:47:34 - mmengine - INFO - paramwise_options -- decode_head.convs.1.bn.weight:lr_mult=10.0
2026/03/21 21:47:34 - mmengine - INFO - paramwise_options -- decode_head.convs.1.bn.bias:lr=0.0006000000000000001
2026/03/21 21:47:34 - mmengine - INFO - paramwise_options -- decode_head.convs.1.bn.bias:weight_decay=0.01
2026/03/21 21:47:34 - mmengine - INFO - paramwise_options -- decode_head.convs.1.bn.bias:lr_mult=10.0
2026/03/21 21:47:34 - mmengine - INFO - paramwise_options -- decode_head.convs.2.conv.weight:lr=0.0006000000000000001
2026/03/21 21:47:34 - mmengine - INFO - paramwise_options -- decode_head.convs.2.conv.weight:weight_decay=0.01
2026/03/21 21:47:34 - mmengine - INFO - paramwise_options -- decode_head.convs.2.conv.weight:lr_mult=10.0
2026/03/21 21:47:34 - mmengine - INFO - paramwise_options -- decode_head.convs.2.bn.weight:lr=0.0006000000000000001
2026/03/21 21:47:34 - mmengine - INFO - paramwise_options -- decode_head.convs.2.bn.weight:weight_decay=0.01
2026/03/21 21:47:34 - mmengine - INFO - paramwise_options -- decode_head.convs.2.bn.weight:lr_mult=10.0
2026/03/21 21:47:34 - mmengine - INFO - paramwise_options -- decode_head.convs.2.bn.bias:lr=0.0006000000000000001
2026/03/21 21:47:34 - mmengine - INFO - paramwise_options -- decode_head.convs.2.bn.bias:weight_decay=0.01
2026/03/21 21:47:34 - mmengine - INFO - paramwise_options -- decode_head.convs.2.bn.bias:lr_mult=10.0
2026/03/21 21:47:34 - mmengine - INFO - paramwise_options -- decode_head.convs.3.conv.weight:lr=0.0006000000000000001
2026/03/21 21:47:34 - mmengine - INFO - paramwise_options -- decode_head.convs.3.conv.weight:weight_decay=0.01
2026/03/21 21:47:34 - mmengine - INFO - paramwise_options -- decode_head.convs.3.conv.weight:lr_mult=10.0
2026/03/21 21:47:34 - mmengine - INFO - paramwise_options -- decode_head.convs.3.bn.weight:lr=0.0006000000000000001
2026/03/21 21:47:34 - mmengine - INFO - paramwise_options -- decode_head.convs.3.bn.weight:weight_decay=0.01
2026/03/21 21:47:34 - mmengine - INFO - paramwise_options -- decode_head.convs.3.bn.weight:lr_mult=10.0
2026/03/21 21:47:34 - mmengine - INFO - paramwise_options -- decode_head.convs.3.bn.bias:lr=0.0006000000000000001
2026/03/21 21:47:34 - mmengine - INFO - paramwise_options -- decode_head.convs.3.bn.bias:weight_decay=0.01
2026/03/21 21:47:34 - mmengine - INFO - paramwise_options -- decode_head.convs.3.bn.bias:lr_mult=10.0
2026/03/21 21:47:34 - mmengine - INFO - paramwise_options -- decode_head.fusion_conv.conv.weight:lr=0.0006000000000000001
2026/03/21 21:47:34 - mmengine - INFO - paramwise_options -- decode_head.fusion_conv.conv.weight:weight_decay=0.01
2026/03/21 21:47:34 - mmengine - INFO - paramwise_options -- decode_head.fusion_conv.conv.weight:lr_mult=10.0
2026/03/21 21:47:34 - mmengine - INFO - paramwise_options -- decode_head.fusion_conv.bn.weight:lr=0.0006000000000000001
2026/03/21 21:47:34 - mmengine - INFO - paramwise_options -- decode_head.fusion_conv.bn.weight:weight_decay=0.01
2026/03/21 21:47:34 - mmengine - INFO - paramwise_options -- decode_head.fusion_conv.bn.weight:lr_mult=10.0
2026/03/21 21:47:34 - mmengine - INFO - paramwise_options -- decode_head.fusion_conv.bn.bias:lr=0.0006000000000000001
2026/03/21 21:47:34 - mmengine - INFO - paramwise_options -- decode_head.fusion_conv.bn.bias:weight_decay=0.01
2026/03/21 21:47:34 - mmengine - INFO - paramwise_options -- decode_head.fusion_conv.bn.bias:lr_mult=10.0
